<?xml version="1.0" encoding="UTF-8"?>
<!-- Generated by org.testng.reporters.JUnitXMLReporter -->
<testsuite ignored="3" hostname="DESKTOP-C72THC8" failures="0" tests="1" name="Default test" time="10.683" errors="0" timestamp="2024-03-08T19:30:00 IST">
  <testcase classname="UI.TestClass" name="Test4" time="10.635"/>
  <testcase classname="UI.TestClass" name="Test2" time="0.0">
    <ignored/>
  </testcase> <!-- Test2 -->
  <testcase classname="UI.TestClass" name="Test3" time="0.0">
    <ignored/>
  </testcase> <!-- Test3 -->
  <testcase classname="UI.TestClass" name="Test1" time="0.0">
    <ignored/>
  </testcase> <!-- Test1 -->
</testsuite> <!-- Default test -->
