<?xml version="1.0" encoding="UTF-8"?>
<testng-results ignored="0" total="1" passed="1" failed="0" skipped="0">
  <reporter-output>
  </reporter-output>
  <suite started-at="2024-03-08T19:29:49 IST" name="Default suite" finished-at="2024-03-08T19:30:00 IST" duration-ms="10683">
    <groups>
    </groups>
    <test started-at="2024-03-08T19:29:49 IST" name="Default test" finished-at="2024-03-08T19:30:00 IST" duration-ms="10683">
      <class name="UI.TestClass">
        <test-method is-config="true" signature="run()[pri:0, instance:UI.TestClass@2eae8e6e]" started-at="2024-03-08T19:29:45 IST" name="run" finished-at="2024-03-08T19:29:49 IST" duration-ms="3719" status="PASS">
          <reporter-output>
          </reporter-output>
        </test-method> <!-- run -->
        <test-method signature="Test4()[pri:0, instance:UI.TestClass@2eae8e6e]" started-at="2024-03-08T19:29:49 IST" name="Test4" finished-at="2024-03-08T19:30:00 IST" duration-ms="10635" status="PASS">
          <reporter-output>
          </reporter-output>
        </test-method> <!-- Test4 -->
        <test-method is-config="true" signature="TearDown()[pri:0, instance:UI.TestClass@2eae8e6e]" started-at="2024-03-08T19:30:00 IST" name="TearDown" finished-at="2024-03-08T19:30:00 IST" duration-ms="539" status="PASS">
          <reporter-output>
          </reporter-output>
        </test-method> <!-- TearDown -->
      </class> <!-- UI.TestClass -->
    </test> <!-- Default test -->
  </suite> <!-- Default suite -->
</testng-results>
